<?xml version="1.0" encoding="UTF-8" ?>
<testsuite tests="5" failures="5" name="com.test.CaseConverterTest" time="0.052" errors="0" skipped="0">
  <properties>
    <property name="jansi.mode" value="force"/>
    <property name="java.runtime.name" value="OpenJDK Runtime Environment"/>
    <property name="java.vm.version" value="17.0.6+10"/>
    <property name="sun.boot.library.path" value="C:\Users\Cogent\.p2\pool\plugins\org.eclipse.justj.openjdk.hotspot.jre.full.win32.x86_64_17.0.6.v20230204-1729\jre\bin"/>
    <property name="maven.multiModuleProjectDirectory" value="C:\Users\Cogent\eclipse-workspace\Batch66JunitExample"/>
    <property name="java.vm.vendor" value="Eclipse Adoptium"/>
    <property name="java.vendor.url" value="https://adoptium.net/"/>
    <property name="guice.disable.misplaced.annotation.check" value="true"/>
    <property name="path.separator" value=";"/>
    <property name="java.vm.name" value="OpenJDK 64-Bit Server VM"/>
    <property name="sun.os.patch.level" value=""/>
    <property name="user.script" value=""/>
    <property name="user.country" value="US"/>
    <property name="sun.java.launcher" value="SUN_STANDARD"/>
    <property name="java.vm.specification.name" value="Java Virtual Machine Specification"/>
    <property name="user.dir" value="C:\Users\Cogent\eclipse-workspace\Batch66JunitExample"/>
    <property name="java.vm.compressedOopsMode" value="Zero based"/>
    <property name="java.runtime.version" value="17.0.6+10"/>
    <property name="os.arch" value="amd64"/>
    <property name="java.io.tmpdir" value="C:\Users\Cogent\AppData\Local\Temp\"/>
    <property name="line.separator" value="
"/>
    <property name="java.vm.specification.vendor" value="Oracle Corporation"/>
    <property name="user.variant" value=""/>
    <property name="os.name" value="Windows 10"/>
    <property name="classworlds.conf" value="C:\Users\Cogent\eclipse-workspace\.metadata\.plugins\org.eclipse.m2e.launching\launches\m2conf6316652942381833183.tmp"/>
    <property name="sun.jnu.encoding" value="Cp1252"/>
    <property name="java.library.path" value="C:\Users\Cogent\.p2\pool\plugins\org.eclipse.justj.openjdk.hotspot.jre.full.win32.x86_64_17.0.6.v20230204-1729\jre\bin;C:\Windows\Sun\Java\bin;C:\Windows\system32;C:\Windows;C:/Users/Cogent/.p2/pool/plugins/org.eclipse.justj.openjdk.hotspot.jre.full.win32.x86_64_17.0.6.v20230204-1729/jre/bin/server;C:/Users/Cogent/.p2/pool/plugins/org.eclipse.justj.openjdk.hotspot.jre.full.win32.x86_64_17.0.6.v20230204-1729/jre/bin;C:\Program Files\Common Files\Oracle\Java\javapath;C:\Windows\system32;C:\Windows;C:\Windows\System32\Wbem;C:\Windows\System32\WindowsPowerShell\v1.0\;C:\Windows\System32\OpenSSH\;C:\Program Files\nodejs\;C:\Program Files\PuTTY\;C:\Program Files\Git\cmd;C:\Program Files\MongoDB\mongosh-1.10.6-win32-x64\bin;C:\Program Files\MySQL\MySQL Shell 8.0\bin\;C:\Users\Cogent\AppData\Local\Microsoft\WindowsApps;C:\Users\Cogent\AppData\Roaming\npm;C:\Users\Cogent\AppData\Local\Programs\Microsoft VS Code\bin;C:\Users\Cogent\Desktop;;."/>
    <property name="jdk.debug" value="release"/>
    <property name="java.class.version" value="61.0"/>
    <property name="java.specification.name" value="Java Platform API Specification"/>
    <property name="sun.management.compiler" value="HotSpot 64-Bit Tiered Compilers"/>
    <property name="os.version" value="10.0"/>
    <property name="user.home" value="C:\Users\Cogent"/>
    <property name="user.timezone" value="America/New_York"/>
    <property name="file.encoding" value="UTF-8"/>
    <property name="java.specification.version" value="17"/>
    <property name="user.name" value="Cogent"/>
    <property name="java.class.path" value="C:\Users\Cogent\.p2\pool\plugins\org.eclipse.m2e.maven.runtime_3.8.701.20230209-1606\jars\plexus-classworlds-2.6.0.jar"/>
    <property name="java.vm.specification.version" value="17"/>
    <property name="sun.arch.data.model" value="64"/>
    <property name="sun.java.command" value="org.codehaus.plexus.classworlds.launcher.Launcher -B -Dstyle.color=always clean install"/>
    <property name="java.home" value="C:\Users\Cogent\.p2\pool\plugins\org.eclipse.justj.openjdk.hotspot.jre.full.win32.x86_64_17.0.6.v20230204-1729\jre"/>
    <property name="user.language" value="en"/>
    <property name="java.specification.vendor" value="Oracle Corporation"/>
    <property name="java.vm.info" value="mixed mode"/>
    <property name="java.version" value="17.0.6"/>
    <property name="native.encoding" value="Cp1252"/>
    <property name="java.vendor" value="Eclipse Adoptium"/>
    <property name="maven.home" value="C:\Users\Cogent\eclipse-workspace\Batch66JunitExample\EMBEDDED"/>
    <property name="style.color" value="always"/>
    <property name="file.separator" value="\"/>
    <property name="java.version.date" value="2023-01-17"/>
    <property name="java.vendor.url.bug" value="https://github.com/adoptium/adoptium-support/issues"/>
    <property name="sun.io.unicode.encoding" value="UnicodeLittle"/>
    <property name="sun.cpu.endian" value="little"/>
    <property name="java.vendor.version" value="Temurin-17.0.6+10"/>
    <property name="m2e.build.project.data.socket.port" value="56254"/>
    <property name="sun.cpu.isalist" value="amd64"/>
  </properties>
  <testcase classname="com.test.CaseConverterTest" name="com.test.CaseConverterTest.testConvertCase" time="0.051">
    <failure message="Cannot invoke &quot;com.demo.CaseConverter.convertCase(String)&quot; because &quot;this.c1&quot; is null" type="java.lang.NullPointerException">java.lang.NullPointerException: Cannot invoke &quot;com.demo.CaseConverter.convertCase(String)&quot; because &quot;this.c1&quot; is null
	at com.test.CaseConverterTest.testConvertCase(CaseConverterTest.java:22)
</failure>
  </testcase>
  <testcase classname="com.test.CaseConverterTest" name="com.test.CaseConverterTest.testConvertCase5" time="0.001">
    <failure message="Cannot invoke &quot;com.demo.CaseConverter.convertCase(String)&quot; because &quot;this.c1&quot; is null" type="java.lang.NullPointerException">java.lang.NullPointerException: Cannot invoke &quot;com.demo.CaseConverter.convertCase(String)&quot; because &quot;this.c1&quot; is null
	at com.test.CaseConverterTest.testConvertCase5(CaseConverterTest.java:37)
</failure>
  </testcase>
  <testcase classname="com.test.CaseConverterTest" name="com.test.CaseConverterTest.testConvertCase6" time="0">
    <failure message="Cannot invoke &quot;com.demo.CaseConverter.convertCase(String)&quot; because &quot;this.c1&quot; is null" type="java.lang.NullPointerException">java.lang.NullPointerException: Cannot invoke &quot;com.demo.CaseConverter.convertCase(String)&quot; because &quot;this.c1&quot; is null
	at com.test.CaseConverterTest.testConvertCase6(CaseConverterTest.java:42)
</failure>
  </testcase>
  <testcase classname="com.test.CaseConverterTest" name="com.test.CaseConverterTest.testConvertCase2" time="0">
    <failure message="Cannot invoke &quot;com.demo.CaseConverter.convertCase(String)&quot; because &quot;this.c1&quot; is null" type="java.lang.NullPointerException">java.lang.NullPointerException: Cannot invoke &quot;com.demo.CaseConverter.convertCase(String)&quot; because &quot;this.c1&quot; is null
	at com.test.CaseConverterTest.testConvertCase2(CaseConverterTest.java:27)
</failure>
  </testcase>
  <testcase classname="com.test.CaseConverterTest" name="com.test.CaseConverterTest.testConvertCase3" time="0">
    <failure message="Cannot invoke &quot;com.demo.CaseConverter.convertCase(String)&quot; because &quot;this.c1&quot; is null" type="java.lang.NullPointerException">java.lang.NullPointerException: Cannot invoke &quot;com.demo.CaseConverter.convertCase(String)&quot; because &quot;this.c1&quot; is null
	at com.test.CaseConverterTest.testConvertCase3(CaseConverterTest.java:32)
</failure>
  </testcase>
</testsuite>